<?xml version="1.0" encoding="UTF-8"?>
<testsuite xmlns:xsi="http://www.w3.org/2001/XMLSchema-instance" xsi:noNamespaceSchemaLocation="https://maven.apache.org/surefire/maven-surefire-plugin/xsd/surefire-test-report-3.0.xsd" version="3.0" name="edu.kettering.refactoring.bank.SmellyBankHomeworkShorterTest" time="0.026" tests="5" errors="0" skipped="0" failures="2">
  <properties>
[...]
</properties>
  <testcase name="deposit_shouldIncreaseBalance" classname="edu.kettering.refactoring.bank.SmellyBankHomeworkShorterTest" time="0.013"/>
  <testcase name="savingsWithdrawalBelowZero_shouldBeRejectedAndFlagged" classname="edu.kettering.refactoring.bank.SmellyBankHomeworkShorterTest" time="0.002">
    <failure message="expected: &lt;true&gt; but was: &lt;false&gt;" type="org.opentest4j.AssertionFailedError"><![CDATA[org.opentest4j.AssertionFailedError: expected: <true> but was: <false>
	at org.junit.jupiter.api.AssertionFailureBuilder.build(AssertionFailureBuilder.java:151)
	at org.junit.jupiter.api.AssertionFailureBuilder.buildAndThrow(AssertionFailureBuilder.java:132)
	at org.junit.jupiter.api.AssertTrue.failNotTrue(AssertTrue.java:63)
	at org.junit.jupiter.api.AssertTrue.assertTrue(AssertTrue.java:36)
	at org.junit.jupiter.api.AssertTrue.assertTrue(AssertTrue.java:31)
	at org.junit.jupiter.api.Assertions.assertTrue(Assertions.java:183)
	at edu.kettering.refactoring.bank.SmellyBankHomeworkShorterTest.savingsWithdrawalBelowZero_shouldBeRejectedAndFlagged(SmellyBankHomeworkShorterTest.java:139)
	at java.base/java.lang.reflect.Method.invoke(Method.java:565)
	at java.base/java.util.ArrayList.forEach(ArrayList.java:1604)
	at java.base/java.util.ArrayList.forEach(ArrayList.java:1604)
]]></failure>
  </testcase>
  <testcase name="processDailyBatch_returnsFormattedReport" classname="edu.kettering.refactoring.bank.SmellyBankHomeworkShorterTest" time="0.0"/>
  <testcase name="overdraftBeyondLimit_shouldFlagAccount" classname="edu.kettering.refactoring.bank.SmellyBankHomeworkShorterTest" time="0.0">
    <failure message="expected: &lt;true&gt; but was: &lt;false&gt;" type="org.opentest4j.AssertionFailedError"><![CDATA[org.opentest4j.AssertionFailedError: expected: <true> but was: <false>
	at org.junit.jupiter.api.AssertionFailureBuilder.build(AssertionFailureBuilder.java:151)
	at org.junit.jupiter.api.AssertionFailureBuilder.buildAndThrow(AssertionFailureBuilder.java:132)
	at org.junit.jupiter.api.AssertTrue.failNotTrue(AssertTrue.java:63)
	at org.junit.jupiter.api.AssertTrue.assertTrue(AssertTrue.java:36)
	at org.junit.jupiter.api.AssertTrue.assertTrue(AssertTrue.java:31)
	at org.junit.jupiter.api.Assertions.assertTrue(Assertions.java:183)
	at edu.kettering.refactoring.bank.SmellyBankHomeworkShorterTest.overdraftBeyondLimit_shouldFlagAccount(SmellyBankHomeworkShorterTest.java:118)
	at java.base/java.lang.reflect.Method.invoke(Method.java:565)
	at java.base/java.util.ArrayList.forEach(ArrayList.java:1604)
	at java.base/java.util.ArrayList.forEach(ArrayList.java:1604)
]]></failure>
  </testcase>
  <testcase name="withdrawal_shouldDecreaseBalance" classname="edu.kettering.refactoring.bank.SmellyBankHomeworkShorterTest" time="0.0"/>
</testsuite>